<?xml version="1.0" encoding="UTF-8"?>
<!-- Generated by org.testng.reporters.JUnitReportReporter -->
<testsuite skipped="0" hostname="LAPTOP-FNCUMBTU" name="demomvn.ConfigReader" tests="1" failures="0" timestamp="2020-10-27T09:27:42 IST" time="0.008" errors="0">
  <testcase name="getUrl" time="0.008" classname="demomvn.ConfigReader"/>
  <system-out/>
</testsuite> <!-- demomvn.ConfigReader -->
