<?xml version="1.0" encoding="UTF-8"?>
<!-- Generated by org.testng.reporters.JUnitReportReporter -->
<testsuite skipped="0" hostname="LAPTOP-FNCUMBTU" name="demomvn.Diagnostics" tests="4" failures="0" timestamp="2020-11-02T20:00:16 IST" time="28.108" errors="0">
  <testcase name="openURL" time="8.932" classname="demomvn.Diagnostics"/>
  <system-out/>
  <testcase name="reachingDiagnostics" time="17.972" classname="demomvn.Diagnostics"/>
  <system-out/>
  <testcase name="displayNames" time="0.424" classname="demomvn.Diagnostics"/>
  <system-out/>
  <testcase name="WriteInExcel" time="0.780" classname="demomvn.Diagnostics"/>
  <system-out/>
</testsuite> <!-- demomvn.Diagnostics -->
