<?xml version="1.0" encoding="UTF-8"?>
<!-- Generated by org.testng.reporters.JUnitReportReporter -->
<testsuite skipped="0" hostname="LAPTOP-FNCUMBTU" name="SmokeAndRegression" tests="4" failures="0" timestamp="2020-10-30T10:43:52 IST" time="29.668" errors="0">
  <testcase name="openURL" time="3.890" classname="SmokeAndRegression"/>
  <system-out/>
  <testcase name="userLogin" time="5.597" classname="SmokeAndRegression"/>
  <system-out/>
  <testcase name="signUp" time="6.549" classname="SmokeAndRegression"/>
  <system-out/>
  <testcase name="bookAppointment" time="13.632" classname="SmokeAndRegression"/>
  <system-out/>
</testsuite> <!-- SmokeAndRegression -->
