<?xml version="1.0" encoding="UTF-8"?>
<!-- Generated by org.testng.reporters.JUnitReportReporter -->
<testsuite skipped="0" hostname="LAPTOP-FNCUMBTU" name="SmokeAndRegression.Smoke" tests="9" failures="0" timestamp="2020-11-07T19:27:18 IST" time="80.872" errors="0">
  <testcase name="openURL" time="6.898" classname="SmokeAndRegression.Smoke"/>
  <system-out/>
  <testcase name="userLogin" time="6.102" classname="SmokeAndRegression.Smoke"/>
  <system-out/>
  <testcase name="userLogout" time="8.502" classname="SmokeAndRegression.Smoke"/>
  <system-out/>
  <testcase name="signUp" time="4.710" classname="SmokeAndRegression.Smoke"/>
  <system-out/>
  <testcase name="bookAppointment" time="29.447" classname="SmokeAndRegression.Smoke"/>
  <system-out/>
  <testcase name="ConsultDoctor" time="7.765" classname="SmokeAndRegression.Smoke"/>
  <system-out/>
  <testcase name="BuyMedicine" time="13.536" classname="SmokeAndRegression.Smoke"/>
  <system-out/>
  <testcase name="reachingDiagnostics" time="3.171" classname="SmokeAndRegression.Smoke"/>
  <system-out/>
  <testcase name="displayNames" time="0.741" classname="SmokeAndRegression.Smoke"/>
  <system-out/>
</testsuite> <!-- SmokeAndRegression.Smoke -->
