<?xml version="1.0" encoding="UTF-8"?>
<!-- Generated by org.testng.reporters.JUnitReportReporter -->
<testsuite skipped="0" hostname="LAPTOP-FNCUMBTU" name="tests.CorporateWellness" tests="11" failures="0" timestamp="2020-11-07T19:27:18 IST" time="56.600" errors="0">
  <testcase name="openURL" time="4.284" classname="tests.CorporateWellness"/>
  <system-out/>
  <testcase name="openingCorporateWellness" time="3.617" classname="tests.CorporateWellness"/>
  <system-out/>
  <testcase name="switchingWindow" time="0.016" classname="tests.CorporateWellness"/>
  <system-out/>
  <testcase name="givingInputs" time="7.489" classname="tests.CorporateWellness"/>
  <system-out/>
  <testcase name="givingInputs" time="7.638" classname="tests.CorporateWellness"/>
  <system-out/>
  <testcase name="givingInputs" time="7.468" classname="tests.CorporateWellness"/>
  <system-out/>
  <testcase name="givingInputs" time="10.812" classname="tests.CorporateWellness"/>
  <system-out/>
  <testcase name="givingInputs" time="7.528" classname="tests.CorporateWellness"/>
  <system-out/>
  <testcase name="givingInputs" time="7.549" classname="tests.CorporateWellness"/>
  <system-out/>
  <testcase name="Backtohomepage" time="0.046" classname="tests.CorporateWellness"/>
  <system-out/>
  <testcase name="WriteInExcel" time="0.153" classname="tests.CorporateWellness"/>
  <system-out/>
</testsuite> <!-- tests.CorporateWellness -->
