<?xml version="1.0" encoding="UTF-8"?>
<!-- Generated by org.testng.reporters.JUnitReportReporter -->
<testsuite skipped="0" hostname="LAPTOP-FNCUMBTU" name="tests.Hospital_Filter" tests="7" failures="0" timestamp="2020-11-07T19:27:18 IST" time="42.176" errors="1">
  <testcase name="openURL" time="7.120" classname="tests.Hospital_Filter"/>
  <system-out/>
  <testcase name="setLocation" time="0.832" classname="tests.Hospital_Filter"/>
  <system-out/>
  <testcase name="setHospital" time="8.035" classname="tests.Hospital_Filter"/>
  <system-out/>
  <testcase name="allTimeOpen" time="5.498" classname="tests.Hospital_Filter"/>
  <system-out/>
  <testcase name="hasParking" time="7.583" classname="tests.Hospital_Filter"/>
  <system-out/>
  <testcase name="StarRatings" time="12.379" classname="tests.Hospital_Filter">
    <error type="java.lang.IndexOutOfBoundsException" message="Index: 17, Size: 17">
      <![CDATA[java.lang.IndexOutOfBoundsException: Index: 17, Size: 17
at java.util.ArrayList.rangeCheck(Unknown Source)
at java.util.ArrayList.get(Unknown Source)
at sun.reflect.GeneratedMethodAccessor1.invoke(Unknown Source)
at sun.reflect.DelegatingMethodAccessorImpl.invoke(Unknown Source)
at java.lang.reflect.Method.invoke(Unknown Source)
at org.openqa.selenium.support.pagefactory.internal.LocatingElementListHandler.invoke(LocatingElementListHandler.java:39)
at com.sun.proxy.$Proxy12.get(Unknown Source)
at POM_Pages.HospitalsInBanglorePage.display(HospitalsInBanglorePage.java:132)
at tests.Hospital_Filter.StarRatings(Hospital_Filter.java:127)
at sun.reflect.NativeMethodAccessorImpl.invoke0(Native Method)
at sun.reflect.NativeMethodAccessorImpl.invoke(Unknown Source)
at sun.reflect.DelegatingMethodAccessorImpl.invoke(Unknown Source)
at java.lang.reflect.Method.invoke(Unknown Source)
at org.testng.internal.MethodInvocationHelper.invokeMethod(MethodInvocationHelper.java:132)
at org.testng.internal.TestInvoker.invokeMethod(TestInvoker.java:599)
at org.testng.internal.TestInvoker.invokeTestMethod(TestInvoker.java:174)
at org.testng.internal.MethodRunner.runInSequence(MethodRunner.java:46)
at org.testng.internal.TestInvoker$MethodInvocationAgent.invoke(TestInvoker.java:822)
at org.testng.internal.TestInvoker.invokeTestMethods(TestInvoker.java:147)
at org.testng.internal.TestMethodWorker.invokeTestMethods(TestMethodWorker.java:146)
at org.testng.internal.TestMethodWorker.run(TestMethodWorker.java:128)
at java.util.ArrayList.forEach(Unknown Source)
at org.testng.TestRunner.privateRun(TestRunner.java:764)
at org.testng.TestRunner.run(TestRunner.java:585)
at org.testng.SuiteRunner.runTest(SuiteRunner.java:384)
at org.testng.SuiteRunner.runSequentially(SuiteRunner.java:378)
at org.testng.SuiteRunner.privateRun(SuiteRunner.java:337)
at org.testng.SuiteRunner.run(SuiteRunner.java:286)
at org.testng.SuiteRunnerWorker.runSuite(SuiteRunnerWorker.java:53)
at org.testng.SuiteRunnerWorker.run(SuiteRunnerWorker.java:96)
at org.testng.TestNG.runSuitesSequentially(TestNG.java:1218)
at org.testng.TestNG.runSuitesLocally(TestNG.java:1140)
at org.testng.TestNG.runSuites(TestNG.java:1069)
at org.testng.TestNG.run(TestNG.java:1037)
at org.testng.remote.AbstractRemoteTestNG.run(AbstractRemoteTestNG.java:115)
at org.testng.remote.RemoteTestNG.initAndRun(RemoteTestNG.java:251)
at org.testng.remote.RemoteTestNG.main(RemoteTestNG.java:77)
]]>
    </error>
  </testcase> <!-- StarRatings -->
  <system-out/>
  <testcase name="WriteInExcel" time="0.729" classname="tests.Hospital_Filter"/>
  <system-out/>
</testsuite> <!-- tests.Hospital_Filter -->
