<?xml version="1.0" encoding="UTF-8"?>
<!-- Generated by org.testng.reporters.JUnitReportReporter -->
<testsuite skipped="0" hostname="LAPTOP-FNCUMBTU" name="demomvn.CorporateWellness" tests="11" failures="0" timestamp="2020-11-03T22:57:18 IST" time="96.448" errors="0">
  <testcase name="openURL" time="11.011" classname="demomvn.CorporateWellness"/>
  <system-out/>
  <testcase name="openingCorporateWellness" time="3.186" classname="demomvn.CorporateWellness"/>
  <system-out/>
  <testcase name="switchingWindow" time="0.021" classname="demomvn.CorporateWellness"/>
  <system-out/>
  <testcase name="givingInputs" time="35.027" classname="demomvn.CorporateWellness"/>
  <system-out/>
  <testcase name="givingInputs" time="9.322" classname="demomvn.CorporateWellness"/>
  <system-out/>
  <testcase name="givingInputs" time="9.325" classname="demomvn.CorporateWellness"/>
  <system-out/>
  <testcase name="givingInputs" time="9.304" classname="demomvn.CorporateWellness"/>
  <system-out/>
  <testcase name="givingInputs" time="9.326" classname="demomvn.CorporateWellness"/>
  <system-out/>
  <testcase name="givingInputs" time="9.323" classname="demomvn.CorporateWellness"/>
  <system-out/>
  <testcase name="Backtohomepage" time="0.039" classname="demomvn.CorporateWellness"/>
  <system-out/>
  <testcase name="WriteInExcel" time="0.564" classname="demomvn.CorporateWellness"/>
  <system-out/>
</testsuite> <!-- demomvn.CorporateWellness -->
