<?xml version="1.0" encoding="UTF-8"?>
<!-- Generated by org.testng.reporters.JUnitReportReporter -->
<testsuite skipped="0" hostname="LAPTOP-FNCUMBTU" name="SmokeAndRegression.Regression" tests="3" failures="0" timestamp="2020-11-07T19:27:18 IST" time="19.557" errors="0">
  <testcase name="openURL" time="7.480" classname="SmokeAndRegression.Regression"/>
  <system-out/>
  <testcase name="buyPlusMembership" time="7.759" classname="SmokeAndRegression.Regression"/>
  <system-out/>
  <testcase name="handleIFrame" time="4.318" classname="SmokeAndRegression.Regression"/>
  <system-out/>
</testsuite> <!-- SmokeAndRegression.Regression -->
