<?xml version="1.0" encoding="UTF-8"?>
<!-- Generated by org.testng.reporters.JUnitReportReporter -->
<testsuite skipped="0" hostname="LAPTOP-FNCUMBTU" name="demomvn.Hospital_Filter" tests="7" failures="0" timestamp="2020-11-02T19:57:47 IST" time="62.847" errors="0">
  <testcase name="openURL" time="7.999" classname="demomvn.Hospital_Filter"/>
  <system-out/>
  <testcase name="setLocation" time="5.258" classname="demomvn.Hospital_Filter"/>
  <system-out/>
  <testcase name="setHospital" time="14.431" classname="demomvn.Hospital_Filter"/>
  <system-out/>
  <testcase name="allTimeOpen" time="5.070" classname="demomvn.Hospital_Filter"/>
  <system-out/>
  <testcase name="hasParking" time="6.828" classname="demomvn.Hospital_Filter"/>
  <system-out/>
  <testcase name="display" time="22.764" classname="demomvn.Hospital_Filter"/>
  <system-out/>
  <testcase name="WriteInExcel" time="0.497" classname="demomvn.Hospital_Filter"/>
  <system-out/>
</testsuite> <!-- demomvn.Hospital_Filter -->
