<?xml version="1.0" encoding="UTF-8"?>
<!-- Generated by org.testng.reporters.JUnitReportReporter -->
<testsuite skipped="0" hostname="LAPTOP-FNCUMBTU" name="Utility.ExtentReportManager" tests="1" failures="0" timestamp="2020-11-01T18:53:20 IST" time="8.000" errors="0">
  <testcase name="getReportInstance" time="8.000" classname="Utility.ExtentReportManager"/>
  <system-out/>
</testsuite> <!-- Utility.ExtentReportManager -->
