<?xml version="1.0" encoding="UTF-8"?>
<!-- Generated by org.testng.reporters.JUnitReportReporter -->
<testsuite skipped="0" hostname="LAPTOP-FNCUMBTU" name="tests.Diagnostics" tests="4" failures="0" timestamp="2020-11-07T19:27:18 IST" time="11.860" errors="0">
  <testcase name="openURL" time="7.027" classname="tests.Diagnostics"/>
  <system-out/>
  <testcase name="reachingDiagnostics" time="3.849" classname="tests.Diagnostics"/>
  <system-out/>
  <testcase name="displayNames" time="0.765" classname="tests.Diagnostics"/>
  <system-out/>
  <testcase name="WriteInExcel" time="0.219" classname="tests.Diagnostics"/>
  <system-out/>
</testsuite> <!-- tests.Diagnostics -->
